SF:/Users/itaik/Projects/private/GitHub/machineto/src/machineto.js
DA:27,1
DA:28,1
DA:30,1
DA:31,8
DA:33,8
DA:34,8
DA:35,8
DA:37,8
DA:38,7
DA:39,7
DA:40,7
DA:41,7
DA:42,7
DA:48,8
DA:54,8
DA:55,36
DA:56,36
DA:66,8
DA:68,8
DA:69,1
DA:72,7
DA:73,5
DA:79,2
DA:90,8
DA:91,15
DA:92,15
DA:102,8
DA:103,13
DA:105,13
DA:106,13
DA:107,12
DA:108,12
DA:111,1
DA:113,1
DA:120,8
DA:121,12
DA:122,12
DA:128,8
DA:129,13
DA:130,13
DA:138,8
DA:139,15
DA:142,15
DA:143,15
DA:144,15
DA:147,15
DA:148,13
DA:150,13
DA:151,1
DA:154,1
DA:155,1
DA:158,1
DA:160,1
DA:164,13
DA:165,12
DA:167,11
DA:170,12
DA:171,12
DA:175,3
DA:176,3
DA:180,8
DA:187,1
DA:188,0
DA:189,0
DA:193,1
DA:194,0
DA:197,1
DA:198,1
DA:202,0
end_of_record
