SF:src/machineto.js
DA:27,2
DA:29,2
DA:31,2
DA:32,9
DA:34,9
DA:35,9
DA:36,9
DA:38,9
DA:39,7
DA:40,7
DA:41,7
DA:42,7
DA:43,7
DA:49,9
DA:55,9
DA:56,36
DA:57,36
DA:67,9
DA:69,9
DA:70,1
DA:73,8
DA:74,6
DA:80,2
DA:91,9
DA:92,15
DA:93,15
DA:103,9
DA:104,13
DA:106,13
DA:107,13
DA:108,12
DA:109,12
DA:112,1
DA:114,1
DA:121,9
DA:122,12
DA:123,12
DA:129,9
DA:130,13
DA:131,13
DA:139,9
DA:140,15
DA:143,15
DA:144,15
DA:145,15
DA:148,15
DA:149,13
DA:151,13
DA:152,1
DA:155,1
DA:156,1
DA:159,1
DA:161,1
DA:165,13
DA:166,12
DA:168,11
DA:171,12
DA:172,12
DA:176,3
DA:177,3
DA:181,9
DA:188,2
DA:189,1
DA:190,1
DA:194,1
DA:195,1
DA:199,0
end_of_record
